This is XeTeX, Version 3.14159265-2.6-0.999992 (TeX Live 2020/W32TeX) (preloaded format=xelatex 2021.3.25)  30 MAR 2021 14:15
entering extended mode
 restricted \write18 enabled.
 %&-line parsing enabled.
**2021-03-02_Beispiel.tex
(./2021-03-02_Beispiel.tex
LaTeX2e <2020-10-01> patch level 4
L3 programming layer <2021-02-18> (c:/Users/eule/AppData/Roaming/TinyTeX/texmf-
dist/tex/latex/base/article.cls
Document Class: article 2020/04/10 v1.4m Standard LaTeX document class
(c:/Users/eule/AppData/Roaming/TinyTeX/texmf-dist/tex/latex/base/size10.clo
File: size10.clo 2020/04/10 v1.4m Standard LaTeX file (size option)
)
\c@part=\count175
\c@section=\count176
\c@subsection=\count177
\c@subsubsection=\count178
\c@paragraph=\count179
\c@subparagraph=\count180
\c@figure=\count181
\c@table=\count182
\abovecaptionskip=\skip47
\belowcaptionskip=\skip48
\bibindent=\dimen138
) (c:/Users/eule/AppData/Roaming/TinyTeX/texmf-dist/tex/latex/lm/lmodern.sty
Package: lmodern 2009/10/30 v1.6 Latin Modern Fonts
LaTeX Font Info:    Overwriting symbol font `operators' in version `normal'
(Font)                  OT1/cmr/m/n --> OT1/lmr/m/n on input line 22.
LaTeX Font Info:    Overwriting symbol font `letters' in version `normal'
(Font)                  OML/cmm/m/it --> OML/lmm/m/it on input line 23.
LaTeX Font Info:    Overwriting symbol font `symbols' in version `normal'
(Font)                  OMS/cmsy/m/n --> OMS/lmsy/m/n on input line 24.
LaTeX Font Info:    Overwriting symbol font `largesymbols' in version `normal'
(Font)                  OMX/cmex/m/n --> OMX/lmex/m/n on input line 25.
LaTeX Font Info:    Overwriting symbol font `operators' in version `bold'
(Font)                  OT1/cmr/bx/n --> OT1/lmr/bx/n on input line 26.
LaTeX Font Info:    Overwriting symbol font `letters' in version `bold'
(Font)                  OML/cmm/b/it --> OML/lmm/b/it on input line 27.
LaTeX Font Info:    Overwriting symbol font `symbols' in version `bold'
(Font)                  OMS/cmsy/b/n --> OMS/lmsy/b/n on input line 28.
LaTeX Font Info:    Overwriting symbol font `largesymbols' in version `bold'
(Font)                  OMX/cmex/m/n --> OMX/lmex/m/n on input line 29.
LaTeX Font Info:    Overwriting math alphabet `\mathbf' in version `normal'
(Font)                  OT1/cmr/bx/n --> OT1/lmr/bx/n on input line 31.
LaTeX Font Info:    Overwriting math alphabet `\mathsf' in version `normal'
(Font)                  OT1/cmss/m/n --> OT1/lmss/m/n on input line 32.
LaTeX Font Info:    Overwriting math alphabet `\mathit' in version `normal'
(Font)                  OT1/cmr/m/it --> OT1/lmr/m/it on input line 33.
LaTeX Font Info:    Overwriting math alphabet `\mathtt' in version `normal'
(Font)                  OT1/cmtt/m/n --> OT1/lmtt/m/n on input line 34.
LaTeX Font Info:    Overwriting math alphabet `\mathbf' in version `bold'
(Font)                  OT1/cmr/bx/n --> OT1/lmr/bx/n on input line 35.
LaTeX Font Info:    Overwriting math alphabet `\mathsf' in version `bold'
(Font)                  OT1/cmss/bx/n --> OT1/lmss/bx/n on input line 36.
LaTeX Font Info:    Overwriting math alphabet `\mathit' in version `bold'
(Font)                  OT1/cmr/bx/it --> OT1/lmr/bx/it on input line 37.
LaTeX Font Info:    Overwriting math alphabet `\mathtt' in version `bold'
(Font)                  OT1/cmtt/m/n --> OT1/lmtt/m/n on input line 38.
)
(c:/Users/eule/AppData/Roaming/TinyTeX/texmf-dist/tex/latex/amsfonts/amssymb.st
y
Package: amssymb 2013/01/14 v3.01 AMS font symbols

(c:/Users/eule/AppData/Roaming/TinyTeX/texmf-dist/tex/latex/amsfonts/amsfonts.s
ty
Package: amsfonts 2013/01/14 v3.01 Basic AMSFonts support
\@emptytoks=\toks15
\symAMSa=\mathgroup4
\symAMSb=\mathgroup5
LaTeX Font Info:    Redeclaring math symbol \hbar on input line 98.
LaTeX Font Info:    Overwriting math alphabet `\mathfrak' in version `bold'
(Font)                  U/euf/m/n --> U/euf/b/n on input line 106.
))
(c:/Users/eule/AppData/Roaming/TinyTeX/texmf-dist/tex/latex/amsmath/amsmath.sty
Package: amsmath 2020/09/23 v2.17i AMS math features
\@mathmargin=\skip49
For additional information on amsmath, use the `?' option.

(c:/Users/eule/AppData/Roaming/TinyTeX/texmf-dist/tex/latex/amsmath/amstext.sty
Package: amstext 2000/06/29 v2.01 AMS text
(c:/Users/eule/AppData/Roaming/TinyTeX/texmf-dist/tex/latex/amsmath/amsgen.sty
File: amsgen.sty 1999/11/30 v2.0 generic functions
\@emptytoks=\toks16
\ex@=\dimen139
)) (c:/Users/eule/AppData/Roaming/TinyTeX/texmf-dist/tex/latex/amsmath/amsbsy.s
ty
Package: amsbsy 1999/11/29 v1.2d Bold Symbols
\pmbraise@=\dimen140
) (c:/Users/eule/AppData/Roaming/TinyTeX/texmf-dist/tex/latex/amsmath/amsopn.st
y
Package: amsopn 2016/03/08 v2.02 operator names
)
\inf@bad=\count183
LaTeX Info: Redefining \frac on input line 234.
\uproot@=\count184
\leftroot@=\count185
LaTeX Info: Redefining \overline on input line 399.
\classnum@=\count186
\DOTSCASE@=\count187
LaTeX Info: Redefining \ldots on input line 496.
LaTeX Info: Redefining \dots on input line 499.
LaTeX Info: Redefining \cdots on input line 620.
\Mathstrutbox@=\box47
\strutbox@=\box48
\big@size=\dimen141
LaTeX Font Info:    Redeclaring font encoding OML on input line 743.
LaTeX Font Info:    Redeclaring font encoding OMS on input line 744.
\macc@depth=\count188
\c@MaxMatrixCols=\count189
\dotsspace@=\muskip16
\c@parentequation=\count190
\dspbrk@lvl=\count191
\tag@help=\toks17
\row@=\count192
\column@=\count193
\maxfields@=\count194
\andhelp@=\toks18
\eqnshift@=\dimen142
\alignsep@=\dimen143
\tagshift@=\dimen144
\tagwidth@=\dimen145
\totwidth@=\dimen146
\lineht@=\dimen147
\@envbody=\toks19
\multlinegap=\skip50
\multlinetaggap=\skip51
\mathdisplay@stack=\toks20
LaTeX Info: Redefining \[ on input line 2923.
LaTeX Info: Redefining \] on input line 2924.
)
(c:/Users/eule/AppData/Roaming/TinyTeX/texmf-dist/tex/generic/iftex/ifxetex.sty
Package: ifxetex 2019/10/25 v0.7 ifxetex legacy package. Use iftex instead.
(c:/Users/eule/AppData/Roaming/TinyTeX/texmf-dist/tex/generic/iftex/iftex.sty
Package: iftex 2020/03/06 v1.0d TeX engine tests
))
(c:/Users/eule/AppData/Roaming/TinyTeX/texmf-dist/tex/generic/iftex/ifluatex.st
y
Package: ifluatex 2019/10/25 v1.5 ifluatex legacy package. Use iftex instead.
)
(c:/Users/eule/AppData/Roaming/TinyTeX/texmf-dist/tex/latex/unicode-math/unicod
e-math.sty (c:/Users/eule/AppData/Roaming/TinyTeX/texmf-dist/tex/latex/l3kernel
/expl3.sty
Package: expl3 2021-02-18 L3 programming layer (loader) 

(c:/Users/eule/AppData/Roaming/TinyTeX/texmf-dist/tex/latex/l3backend/l3backend
-xetex.def
File: l3backend-xetex.def 2021-03-18 L3 backend support: XeTeX
(|extractbb --version)
\c__kernel_sys_dvipdfmx_version_int=\count195
\l__color_backend_stack_int=\count196
\g__color_backend_stack_int=\count197
\g__graphics_track_int=\count198
\l__pdf_internal_box=\box49
\g__pdf_backend_object_int=\count199
\g__pdf_backend_annotation_int=\count266
\g__pdf_backend_link_int=\count267
))
Package: unicode-math 2020/01/31 v0.8q Unicode maths in XeLaTeX and LuaLaTeX

(c:/Users/eule/AppData/Roaming/TinyTeX/texmf-dist/tex/latex/unicode-math/unicod
e-math-xetex.sty
Package: unicode-math-xetex 2020/01/31 v0.8q Unicode maths in XeLaTeX and LuaLa
TeX

(c:/Users/eule/AppData/Roaming/TinyTeX/texmf-dist/tex/latex/l3packages/xparse/x
parse.sty
(c:/Users/eule/AppData/Roaming/TinyTeX/texmf-dist/tex/latex/l3packages/xparse/x
parse-2020-10-01.sty
(c:/Users/eule/AppData/Roaming/TinyTeX/texmf-dist/tex/latex/l3packages/xparse/x
parse-generic.tex)))
(c:/Users/eule/AppData/Roaming/TinyTeX/texmf-dist/tex/latex/l3packages/l3keys2e
/l3keys2e.sty
Package: l3keys2e 2021-03-12 LaTeX2e option processing using LaTeX3 keys
)
(c:/Users/eule/AppData/Roaming/TinyTeX/texmf-dist/tex/latex/fontspec/fontspec.s
ty
Package: fontspec 2020/02/21 v2.7i Font selection for XeLaTeX and LuaLaTeX

(c:/Users/eule/AppData/Roaming/TinyTeX/texmf-dist/tex/latex/fontspec/fontspec-x
etex.sty
Package: fontspec-xetex 2020/02/21 v2.7i Font selection for XeLaTeX and LuaLaTe
X
\l__fontspec_script_int=\count268
\l__fontspec_language_int=\count269
\l__fontspec_strnum_int=\count270
\l__fontspec_tmp_int=\count271
\l__fontspec_tmpa_int=\count272
\l__fontspec_tmpb_int=\count273
\l__fontspec_tmpc_int=\count274
\l__fontspec_em_int=\count275
\l__fontspec_emdef_int=\count276
\l__fontspec_strong_int=\count277
\l__fontspec_strongdef_int=\count278
\l__fontspec_tmpa_dim=\dimen148
\l__fontspec_tmpb_dim=\dimen149
\l__fontspec_tmpc_dim=\dimen150
(c:/Users/eule/AppData/Roaming/TinyTeX/texmf-dist/tex/latex/base/fontenc.sty
Package: fontenc 2020/08/10 v2.0s Standard LaTeX package
)
(c:/Users/eule/AppData/Roaming/TinyTeX/texmf-dist/tex/latex/fontspec/fontspec.c
fg))) (c:/Users/eule/AppData/Roaming/TinyTeX/texmf-dist/tex/latex/base/fix-cm.s
ty
Package: fix-cm 2015/01/14 v1.1t fixes to LaTeX
(c:/Users/eule/AppData/Roaming/TinyTeX/texmf-dist/tex/latex/base/ts1enc.def
File: ts1enc.def 2001/06/05 v3.0e (jk/car/fm) Standard LaTeX file
LaTeX Font Info:    Redeclaring font encoding TS1 on input line 47.
))
\g__um_fam_int=\count279
\g__um_fonts_used_int=\count280
\l__um_primecount_int=\count281
\g__um_primekern_muskip=\muskip17

(c:/Users/eule/AppData/Roaming/TinyTeX/texmf-dist/tex/latex/unicode-math/unicod
e-math-table.tex)))

Package fontspec Info: Verdana scale = 0.790228317400634.


Package fontspec Info: Verdana scale = 0.790228317400634.


Package fontspec Info: Verdana/B scale = 0.7860062722443449.


Package fontspec Info: Verdana/I scale = 0.790228317400634.


Package fontspec Info: Verdana/BI scale = 0.7860062722443449.


Package fontspec Info: Font family 'Verdana(0)' created for font 'Verdana'
(fontspec)             with options
(fontspec)             [Scale=MatchLowercase,Ligatures=TeX,Scale=1].
(fontspec)              
(fontspec)              This font family consists of the following NFSS
(fontspec)             series/shapes:
(fontspec)              
(fontspec)             - 'normal' (m/n) with NFSS spec.:
(fontspec)             <->s*[1]"Verdana/OT:script=latn;language=dflt;mapping=te
x-text;"
(fontspec)             - 'small caps'  (m/sc) with NFSS spec.: 
(fontspec)             - 'bold' (b/n) with NFSS spec.:
(fontspec)             <->s*[1]"Verdana/B/OT:script=latn;language=dflt;mapping=
tex-text;"
(fontspec)             - 'bold small caps'  (b/sc) with NFSS spec.: 
(fontspec)             - 'italic' (m/it) with NFSS spec.:
(fontspec)             <->s*[1]"Verdana/I/OT:script=latn;language=dflt;mapping=
tex-text;"
(fontspec)             - 'italic small caps'  (m/scit) with NFSS spec.: 
(fontspec)             - 'bold italic' (b/it) with NFSS spec.:
(fontspec)             <->s*[1]"Verdana/BI/OT:script=latn;language=dflt;mapping
=tex-text;"
(fontspec)             - 'bold italic small caps'  (b/scit) with NFSS spec.: 

LaTeX Font Info:    Font shape `TU/Verdana(0)/m/n' will be
(Font)              scaled to size 10.0pt on input line 19.

Package fontspec Info: Verdana scale = 0.9999972023354904.


Package fontspec Info: Verdana scale = 0.9999972023354904.


Package fontspec Info: Verdana/B scale = 0.9946544004496872.


Package fontspec Info: Verdana/I scale = 0.9999972023354904.


Package fontspec Info: Verdana/BI scale = 0.9946544004496872.


Package fontspec Info: Font family 'Verdana(1)' created for font 'Verdana'
(fontspec)             with options [Scale=MatchLowercase].
(fontspec)              
(fontspec)              This font family consists of the following NFSS
(fontspec)             series/shapes:
(fontspec)              
(fontspec)             - 'normal' (m/n) with NFSS spec.:
(fontspec)             <->s*[0.9999972023354904]"Verdana/OT:script=latn;languag
e=dflt;"
(fontspec)             - 'small caps'  (m/sc) with NFSS spec.: 
(fontspec)             - 'bold' (b/n) with NFSS spec.:
(fontspec)             <->s*[0.9946544004496872]"Verdana/B/OT:script=latn;langu
age=dflt;"
(fontspec)             - 'bold small caps'  (b/sc) with NFSS spec.: 
(fontspec)             - 'italic' (m/it) with NFSS spec.:
(fontspec)             <->s*[0.9999972023354904]"Verdana/I/OT:script=latn;langu
age=dflt;"
(fontspec)             - 'italic small caps'  (m/scit) with NFSS spec.: 
(fontspec)             - 'bold italic' (b/it) with NFSS spec.:
(fontspec)             <->s*[0.9946544004496872]"Verdana/BI/OT:script=latn;lang
uage=dflt;"
(fontspec)             - 'bold italic small caps'  (b/scit) with NFSS spec.: 

LaTeX Font Info:    Overwriting math alphabet `\mathrm' in version `normal'
(Font)                  OT1/lmr/m/n --> TU/Verdana(1)/m/n on input line 19.
LaTeX Font Info:    Overwriting math alphabet `\mathit' in version `normal'
(Font)                  OT1/lmr/m/it --> TU/Verdana(1)/m/it on input line 19.
LaTeX Font Info:    Overwriting math alphabet `\mathbf' in version `normal'
(Font)                  OT1/lmr/bx/n --> TU/Verdana(1)/b/n on input line 19.

(c:/Users/eule/AppData/Roaming/TinyTeX/texmf-dist/tex/latex/microtype/microtype
.sty
Package: microtype 2021/03/14 v2.8c Micro-typographical refinements (RS)

(c:/Users/eule/AppData/Roaming/TinyTeX/texmf-dist/tex/latex/graphics/keyval.sty
Package: keyval 2014/10/28 v1.15 key=value parser (DPC)
\KV@toks@=\toks21
)
\MT@toks=\toks22
\MT@count=\count282
LaTeX Info: Redefining \textls on input line 790.
\MT@outer@kern=\dimen151
LaTeX Info: Redefining \textmicrotypecontext on input line 1374.
\MT@listname@count=\count283

(c:/Users/eule/AppData/Roaming/TinyTeX/texmf-dist/tex/latex/microtype/microtype
-xetex.def
File: microtype-xetex.def 2021/03/14 v2.8c Definitions specific to xetex (RS)
LaTeX Info: Redefining \lsstyle on input line 254.
)
Package microtype Info: Loading configuration file microtype.cfg.

(c:/Users/eule/AppData/Roaming/TinyTeX/texmf-dist/tex/latex/microtype/microtype
.cfg
File: microtype.cfg 2021/03/14 v2.8c microtype main configuration file (RS)
)) (c:/Users/eule/AppData/Roaming/TinyTeX/texmf-dist/tex/latex/xcolor/xcolor.st
y
Package: xcolor 2016/05/11 v2.12 LaTeX color extensions (UK)

(c:/Users/eule/AppData/Roaming/TinyTeX/texmf-dist/tex/latex/graphics-cfg/color.
cfg
File: color.cfg 2016/01/02 v1.6 sample color configuration
)
Package xcolor Info: Driver file: xetex.def on input line 225.

(c:/Users/eule/AppData/Roaming/TinyTeX/texmf-dist/tex/latex/graphics-def/xetex.
def
File: xetex.def 2020/08/26 v5.0i Graphics/color driver for xetex
)
Package xcolor Info: Model `cmy' substituted by `cmy0' on input line 1348.
Package xcolor Info: Model `RGB' extended on input line 1364.
Package xcolor Info: Model `HTML' substituted by `rgb' on input line 1366.
Package xcolor Info: Model `Hsb' substituted by `hsb' on input line 1367.
Package xcolor Info: Model `tHsb' substituted by `hsb' on input line 1368.
Package xcolor Info: Model `HSB' substituted by `hsb' on input line 1369.
Package xcolor Info: Model `Gray' substituted by `gray' on input line 1370.
Package xcolor Info: Model `wave' substituted by `hsb' on input line 1371.
)
(c:/Users/eule/AppData/Roaming/TinyTeX/texmf-dist/tex/latex/hyperref/hyperref.s
ty
Package: hyperref 2021-02-27 v7.00k Hypertext links for LaTeX

(c:/Users/eule/AppData/Roaming/TinyTeX/texmf-dist/tex/generic/ltxcmds/ltxcmds.s
ty
Package: ltxcmds 2020-05-10 v1.25 LaTeX kernel commands for general use (HO)
)
(c:/Users/eule/AppData/Roaming/TinyTeX/texmf-dist/tex/generic/pdftexcmds/pdftex
cmds.sty
Package: pdftexcmds 2020-06-27 v0.33 Utility functions of pdfTeX for LuaTeX (HO
)

(c:/Users/eule/AppData/Roaming/TinyTeX/texmf-dist/tex/generic/infwarerr/infware
rr.sty
Package: infwarerr 2019/12/03 v1.5 Providing info/warning/error messages (HO)
)
Package pdftexcmds Info: \pdf@primitive is available.
Package pdftexcmds Info: \pdf@ifprimitive is available.
Package pdftexcmds Info: \pdfdraftmode not found.
)
(c:/Users/eule/AppData/Roaming/TinyTeX/texmf-dist/tex/generic/kvsetkeys/kvsetke
ys.sty
Package: kvsetkeys 2019/12/15 v1.18 Key value parser (HO)
)
(c:/Users/eule/AppData/Roaming/TinyTeX/texmf-dist/tex/generic/kvdefinekeys/kvde
finekeys.sty
Package: kvdefinekeys 2019-12-19 v1.6 Define keys (HO)
)
(c:/Users/eule/AppData/Roaming/TinyTeX/texmf-dist/tex/generic/pdfescape/pdfesca
pe.sty
Package: pdfescape 2019/12/09 v1.15 Implements pdfTeX's escape features (HO)
)
(c:/Users/eule/AppData/Roaming/TinyTeX/texmf-dist/tex/latex/hycolor/hycolor.sty
Package: hycolor 2020-01-27 v1.10 Color options for hyperref/bookmark (HO)
)
(c:/Users/eule/AppData/Roaming/TinyTeX/texmf-dist/tex/latex/letltxmacro/letltxm
acro.sty
Package: letltxmacro 2019/12/03 v1.6 Let assignment for LaTeX macros (HO)
)
(c:/Users/eule/AppData/Roaming/TinyTeX/texmf-dist/tex/latex/auxhook/auxhook.sty
Package: auxhook 2019-12-17 v1.6 Hooks for auxiliary files (HO)
)
(c:/Users/eule/AppData/Roaming/TinyTeX/texmf-dist/tex/latex/kvoptions/kvoptions
.sty
Package: kvoptions 2020-10-07 v3.14 Key value format for package options (HO)
)
\@linkdim=\dimen152
\Hy@linkcounter=\count284
\Hy@pagecounter=\count285

(c:/Users/eule/AppData/Roaming/TinyTeX/texmf-dist/tex/latex/hyperref/pd1enc.def
File: pd1enc.def 2021-02-27 v7.00k Hyperref: PDFDocEncoding definition (HO)
)
(c:/Users/eule/AppData/Roaming/TinyTeX/texmf-dist/tex/latex/hyperref/hyperref-l
angpatches.def
File: hyperref-langpatches.def 2021-02-27 v7.00k Hyperref: patches for babel la
nguages
)
(c:/Users/eule/AppData/Roaming/TinyTeX/texmf-dist/tex/generic/intcalc/intcalc.s
ty
Package: intcalc 2019/12/15 v1.3 Expandable calculations with integers (HO)
)
(c:/Users/eule/AppData/Roaming/TinyTeX/texmf-dist/tex/generic/etexcmds/etexcmds
.sty
Package: etexcmds 2019/12/15 v1.7 Avoid name clashes with e-TeX commands (HO)
)
\Hy@SavedSpaceFactor=\count286
(c:/Users/eule/AppData/Roaming/TinyTeX/texmf-dist/tex/latex/hyperref/puenc.def
File: puenc.def 2021-02-27 v7.00k Hyperref: PDF Unicode definition (HO)
)
Package hyperref Info: Option `unicode' set `true' on input line 4073.
Package hyperref Info: Hyper figures OFF on input line 4192.
Package hyperref Info: Link nesting OFF on input line 4197.
Package hyperref Info: Hyper index ON on input line 4200.
Package hyperref Info: Plain pages OFF on input line 4207.
Package hyperref Info: Backreferencing OFF on input line 4212.
Package hyperref Info: Implicit mode ON; LaTeX internals redefined.
Package hyperref Info: Bookmarks ON on input line 4445.
\c@Hy@tempcnt=\count287
(c:/Users/eule/AppData/Roaming/TinyTeX/texmf-dist/tex/latex/url/url.sty
\Urlmuskip=\muskip18
Package: url 2013/09/16  ver 3.4  Verb mode for urls, etc.
)
LaTeX Info: Redefining \url on input line 4804.
\XeTeXLinkMargin=\dimen153

(c:/Users/eule/AppData/Roaming/TinyTeX/texmf-dist/tex/generic/bitset/bitset.sty
Package: bitset 2019/12/09 v1.3 Handle bit-vector datatype (HO)

(c:/Users/eule/AppData/Roaming/TinyTeX/texmf-dist/tex/generic/bigintcalc/bigint
calc.sty
Package: bigintcalc 2019/12/15 v1.5 Expandable calculations on big integers (HO
)
))
\Fld@menulength=\count288
\Field@Width=\dimen154
\Fld@charsize=\dimen155
Package hyperref Info: Hyper figures OFF on input line 6075.
Package hyperref Info: Link nesting OFF on input line 6080.
Package hyperref Info: Hyper index ON on input line 6083.
Package hyperref Info: backreferencing OFF on input line 6090.
Package hyperref Info: Link coloring OFF on input line 6095.
Package hyperref Info: Link coloring with OCG OFF on input line 6100.
Package hyperref Info: PDF/A mode OFF on input line 6105.
LaTeX Info: Redefining \ref on input line 6145.
LaTeX Info: Redefining \pageref on input line 6149.

(c:/Users/eule/AppData/Roaming/TinyTeX/texmf-dist/tex/latex/base/atbegshi-ltx.s
ty
Package: atbegshi-ltx 2020/08/17 v1.0a Emulation of the original atbegshi packa
ge
with kernel methods
)
\Hy@abspage=\count289
\c@Item=\count290
\c@Hfootnote=\count291
)
Package hyperref Info: Driver (autodetected): hxetex.

(c:/Users/eule/AppData/Roaming/TinyTeX/texmf-dist/tex/latex/hyperref/hxetex.def
File: hxetex.def 2021-02-27 v7.00k Hyperref driver for XeTeX

(c:/Users/eule/AppData/Roaming/TinyTeX/texmf-dist/tex/generic/stringenc/stringe
nc.sty
Package: stringenc 2019/11/29 v1.12 Convert strings between diff. encodings (HO
)
)
\pdfm@box=\box50
\c@Hy@AnnotLevel=\count292
\HyField@AnnotCount=\count293
\Fld@listcount=\count294
\c@bookmark@seq@number=\count295

(c:/Users/eule/AppData/Roaming/TinyTeX/texmf-dist/tex/latex/rerunfilecheck/reru
nfilecheck.sty
Package: rerunfilecheck 2019/12/05 v1.9 Rerun checks for auxiliary files (HO)

(c:/Users/eule/AppData/Roaming/TinyTeX/texmf-dist/tex/latex/base/atveryend-ltx.
sty
Package: atveryend-ltx 2020/08/19 v1.0a Emulation of the original atvery packag
e
with kernel methods
)
(c:/Users/eule/AppData/Roaming/TinyTeX/texmf-dist/tex/generic/uniquecounter/uni
quecounter.sty
Package: uniquecounter 2019/12/15 v1.4 Provide unlimited unique counter (HO)
)
Package uniquecounter Info: New unique counter `rerunfilecheck' on input line 2
86.
)
\Hy@SectionHShift=\skip52
)
Package hyperref Info: Option `breaklinks' set `true' on input line 43.

(c:/Users/eule/AppData/Roaming/TinyTeX/texmf-dist/tex/latex/geometry/geometry.s
ty
Package: geometry 2020/01/02 v5.9 Page Geometry
(c:/Users/eule/AppData/Roaming/TinyTeX/texmf-dist/tex/generic/iftex/ifvtex.sty
Package: ifvtex 2019/10/25 v1.7 ifvtex legacy package. Use iftex instead.
)
\Gm@cnth=\count296
\Gm@cntv=\count297
\c@Gm@tempcnt=\count298
\Gm@bindingoffset=\dimen156
\Gm@wd@mp=\dimen157
\Gm@odd@mp=\dimen158
\Gm@even@mp=\dimen159
\Gm@layoutwidth=\dimen160
\Gm@layoutheight=\dimen161
\Gm@layouthoffset=\dimen162
\Gm@layoutvoffset=\dimen163
\Gm@dimlist=\toks23
)
(c:/Users/eule/AppData/Roaming/TinyTeX/texmf-dist/tex/latex/fancyvrb/fancyvrb.s
ty
Package: fancyvrb 2021/01/20 v3.7 verbatim text (tvz,hv)
\FV@CodeLineNo=\count299
\FV@InFile=\read2
\FV@TabBox=\box51
\c@FancyVerbLine=\count300
\FV@StepNumber=\count301
\FV@OutFile=\write3
) (c:/Users/eule/AppData/Roaming/TinyTeX/texmf-dist/tex/latex/framed/framed.sty
Package: framed 2011/10/22 v 0.96: framed or shaded text with page breaks
\OuterFrameSep=\skip53
\fb@frw=\dimen164
\fb@frh=\dimen165
\FrameRule=\dimen166
\FrameSep=\dimen167
)
(c:/Users/eule/AppData/Roaming/TinyTeX/texmf-dist/tex/latex/graphics/graphicx.s
ty
Package: graphicx 2020/09/09 v1.2b Enhanced LaTeX Graphics (DPC,SPQR)

(c:/Users/eule/AppData/Roaming/TinyTeX/texmf-dist/tex/latex/graphics/graphics.s
ty
Package: graphics 2020/08/30 v1.4c Standard LaTeX Graphics (DPC,SPQR)
(c:/Users/eule/AppData/Roaming/TinyTeX/texmf-dist/tex/latex/graphics/trig.sty
Package: trig 2016/01/03 v1.10 sin cos tan (DPC)
)
(c:/Users/eule/AppData/Roaming/TinyTeX/texmf-dist/tex/latex/graphics-cfg/graphi
cs.cfg
File: graphics.cfg 2016/06/04 v1.11 sample graphics configuration
)
Package graphics Info: Driver file: xetex.def on input line 105.
)
\Gin@req@height=\dimen168
\Gin@req@width=\dimen169
)
(c:/Users/eule/AppData/Roaming/TinyTeX/texmf-dist/tex/latex/grffile/grffile.sty
Package: grffile 2019/11/11 v2.1 Extended file name support for graphics (legac
y)
Package grffile Info: This package is an empty stub for compatibility on input 
line 40.
) (c:/Users/eule/AppData/Roaming/TinyTeX/texmf-dist/tex/latex/tools/multicol.st
y
Package: multicol 2019/12/09 v1.8y multicolumn formatting (FMi)
\c@tracingmulticols=\count302
\mult@box=\box52
\multicol@leftmargin=\dimen170
\c@unbalance=\count303
\c@collectmore=\count304
\doublecol@number=\count305
\multicoltolerance=\count306
\multicolpretolerance=\count307
\full@width=\dimen171
\page@free=\dimen172
\premulticols=\dimen173
\postmulticols=\dimen174
\multicolsep=\skip54
\multicolbaselineskip=\skip55
\partial@page=\box53
\last@line=\box54
\maxbalancingoverflow=\dimen175
\mult@rightbox=\box55
\mult@grightbox=\box56
\mult@gfirstbox=\box57
\mult@firstbox=\box58
\@tempa=\box59
\@tempa=\box60
\@tempa=\box61
\@tempa=\box62
\@tempa=\box63
\@tempa=\box64
\@tempa=\box65
\@tempa=\box66
\@tempa=\box67
\@tempa=\box68
\@tempa=\box69
\@tempa=\box70
\@tempa=\box71
\@tempa=\box72
\@tempa=\box73
\@tempa=\box74
\@tempa=\box75
\@tempa=\box76
\@tempa=\box77
\@tempa=\box78
\@tempa=\box79
\@tempa=\box80
\@tempa=\box81
\@tempa=\box82
\@tempa=\box83
\@tempa=\box84
\@tempa=\box85
\@tempa=\box86
\@tempa=\box87
\@tempa=\box88
\@tempa=\box89
\@tempa=\box90
\@tempa=\box91
\@tempa=\box92
\@tempa=\box93
\@tempa=\box94
\@tempa=\box95
\c@minrows=\count308
\c@columnbadness=\count309
\c@finalcolumnbadness=\count310
\last@try=\dimen176
\multicolovershoot=\dimen177
\multicolundershoot=\dimen178
\mult@nat@firstbox=\box96
\colbreak@box=\box97
\mc@col@check@num=\count311
) (c:/Users/eule/AppData/Roaming/TinyTeX/texmf-dist/tex/latex/vwcol/vwcol.sty
Package: vwcol 2015/02/10 v0.2 Variable-width multicolumn text
(c:/Users/eule/AppData/Roaming/TinyTeX/texmf-dist/tex/latex/tools/calc.sty
Package: calc 2017/05/25 v4.3 Infix arithmetic (KKT,FJ)
\calc@Acount=\count312
\calc@Bcount=\count313
\calc@Adimen=\dimen179
\calc@Bdimen=\dimen180
\calc@Askip=\skip56
\calc@Bskip=\skip57
LaTeX Info: Redefining \setlength on input line 80.
LaTeX Info: Redefining \addtolength on input line 81.
\calc@Ccount=\count314
\calc@Cskip=\skip58
)
(c:/Users/eule/AppData/Roaming/TinyTeX/texmf-dist/tex/latex/environ/environ.sty
Package: environ 2014/05/04 v0.3 A new way to define environments

(c:/Users/eule/AppData/Roaming/TinyTeX/texmf-dist/tex/latex/trimspaces/trimspac
es.sty
Package: trimspaces 2009/09/17 v1.1 Trim spaces around a token list
))
(c:/Users/eule/AppData/Roaming/TinyTeX/texmf-dist/tex/latex/ragged2e/ragged2e.s
ty
Package: ragged2e 2021/02/05 v3.0 ragged2e Package

(c:/Users/eule/AppData/Roaming/TinyTeX/texmf-dist/tex/latex/everysel/everysel.s
ty
Package: everysel 2021/01/20 v2.1 EverySelectfont Package (MS)

(c:/Users/eule/AppData/Roaming/TinyTeX/texmf-dist/tex/latex/everysel/everysel-2
011-10-28.sty))
\CenteringLeftskip=\skip59
\RaggedLeftLeftskip=\skip60
\RaggedRightLeftskip=\skip61
\CenteringRightskip=\skip62
\RaggedLeftRightskip=\skip63
\RaggedRightRightskip=\skip64
\CenteringParfillskip=\skip65
\RaggedLeftParfillskip=\skip66
\RaggedRightParfillskip=\skip67
\JustifyingParfillskip=\skip68
\CenteringParindent=\skip69
\RaggedLeftParindent=\skip70
\RaggedRightParindent=\skip71
\JustifyingParindent=\skip72
)
\vwcol@sep=\skip73
\vwcol@rule=\skip74
\vwcol@totalwidth=\skip75
\vwcol@averagewidth=\skip76
\vwcol@parindent=\skip77
\vwcol@last=\count315
\vwcol@Ncols=\count316
\vwcol@Nlines=\count317
\vwcol@maxrecursion=\count318
\vwcol@box=\box98
\vwcol@plainbox=\box99
\vwcol@outputbox=\box100
)
(c:/Users/eule/AppData/Roaming/TinyTeX/texmf-dist/tex/latex/fancyhdr/fancyhdr.s
ty
Package: fancyhdr 2021/01/28 v4.0.1 Extensive control of page headers and foote
rs
\f@nch@headwidth=\skip78
\f@nch@O@elh=\skip79
\f@nch@O@erh=\skip80
\f@nch@O@olh=\skip81
\f@nch@O@orh=\skip82
\f@nch@O@elf=\skip83
\f@nch@O@erf=\skip84
\f@nch@O@olf=\skip85
\f@nch@O@orf=\skip86
)
(c:/Users/eule/AppData/Roaming/TinyTeX/texmf-dist/tex/latex/caption/caption.sty
Package: caption 2020/10/26 v3.5g Customizing captions (AR)

(c:/Users/eule/AppData/Roaming/TinyTeX/texmf-dist/tex/latex/caption/caption3.st
y
Package: caption3 2020/10/21 v2.2e caption3 kernel (AR)
\captionmargin=\dimen181
\captionmargin@=\dimen182
\captionwidth=\dimen183
\caption@tempdima=\dimen184
\caption@indent=\dimen185
\caption@parindent=\dimen186
\caption@hangindent=\dimen187
Package caption Info: Standard document class detected.
)
\c@caption@flags=\count319
\c@continuedfloat=\count320
Package caption Info: hyperref package is loaded.
)
(c:/Users/eule/AppData/Roaming/TinyTeX/texmf-dist/tex/latex/colortbl/colortbl.s
ty
Package: colortbl 2020/01/04 v1.0e Color table columns (DPC)
(c:/Users/eule/AppData/Roaming/TinyTeX/texmf-dist/tex/latex/tools/array.sty
Package: array 2020/10/01 v2.5c Tabular extension package (FMi)
\col@sep=\dimen188
\ar@mcellbox=\box101
\extrarowheight=\dimen189
\NC@list=\toks24
\extratabsurround=\skip87
\backup@length=\skip88
\ar@cellbox=\box102
)
\everycr=\toks25
\minrowclearance=\skip89
)
(c:/Users/eule/AppData/Roaming/TinyTeX/texmf-dist/tex/latex/floatrow/floatrow.s
ty
Package: floatrow 2008/08/02 v0.3b floatrow: float package extension
\c@float@type=\count321
\float@exts=\toks26
\float@box=\box103
\@floatcapt=\box104
Package floatrow Info: Modified float package code loaded on input line 455.
Package floatrow Info: Modified rotfloat package code loaded on input line 473.

\FR@everyfloat=\toks27
\flrow@foot=\insert252
\FB@wd=\dimen190
\FBo@wd=\dimen191
\FBc@wd=\dimen192
\FBo@ht=\skip90
\FBc@ht=\skip91
\FBf@ht=\skip92
\FBo@max=\skip93
\FBc@max=\skip94
\FBf@max=\skip95
\c@FBl@b=\count322
\floatbox@depth=\count323
\c@FRobj=\count324
\c@FRsobj=\count325
\Xhsize=\skip96
\sXhsize=\skip97
\Zhsize=\skip98
\sZhsize=\skip99
\flrow@rowbox=\box105
\FR@Zunitlength=\dimen193
\c@FBcnt=\count326
\FPOScnt=\count327
\LTleft=\skip100
\LTright=\skip101
\LTleft=\skip102
\LTright=\skip103
\flrow@types=\toks28
)
(c:/Users/eule/AppData/Roaming/TinyTeX/texmf-dist/tex/latex/booktabs/booktabs.s
ty
Package: booktabs 2020/01/12 v1.61803398 Publication quality tables
\heavyrulewidth=\dimen194
\lightrulewidth=\dimen195
\cmidrulewidth=\dimen196
\belowrulesep=\dimen197
\belowbottomsep=\dimen198
\aboverulesep=\dimen199
\abovetopsep=\dimen256
\cmidrulesep=\dimen257
\cmidrulekern=\dimen258
\defaultaddspace=\dimen259
\@cmidla=\count328
\@cmidlb=\count329
\@aboverulesep=\dimen260
\@belowrulesep=\dimen261
\@thisruleclass=\count330
\@lastruleclass=\count331
\@thisrulewidth=\dimen262
)
(c:/Users/eule/AppData/Roaming/TinyTeX/texmf-dist/tex/latex/tools/longtable.sty
Package: longtable 2020/01/07 v4.13 Multi-page Table package (DPC)
\LTleft=\skip104
\LTright=\skip105
\LTpre=\skip106
\LTpost=\skip107
\LTchunksize=\count332
\LTcapwidth=\dimen263
\LT@head=\box106
\LT@firsthead=\box107
\LT@foot=\box108
\LT@lastfoot=\box109
\LT@cols=\count333
\LT@rows=\count334
\c@LT@tables=\count335
\c@LT@chunks=\count336
\LT@p@ftn=\toks29
)
(c:/Users/eule/AppData/Roaming/TinyTeX/texmf-dist/tex/latex/multirow/multirow.s
ty
Package: multirow 2021/03/15 v2.8 Span multiple rows of a table
\multirow@colwidth=\skip108
\multirow@cntb=\count337
\multirow@dima=\skip109
\bigstrutjot=\dimen264
)
(c:/Users/eule/AppData/Roaming/TinyTeX/texmf-dist/tex/latex/wrapfig/wrapfig.sty
\wrapoverhang=\dimen265
\WF@size=\dimen266
\c@WF@wrappedlines=\count338
\WF@box=\box110
\WF@everypar=\toks30
Package: wrapfig 2003/01/31  v 3.6
)
(c:/Users/eule/AppData/Roaming/TinyTeX/texmf-dist/tex/latex/pdflscape/pdflscape
.sty
Package: pdflscape 2019/12/05 v0.12 Display of landscape pages in PDF (HO)

(c:/Users/eule/AppData/Roaming/TinyTeX/texmf-dist/tex/latex/graphics/lscape.sty
Package: lscape 2020/05/28 v3.02 Landscape Pages (DPC)
)
Package pdflscape Info: Auto-detected driver: dvipdfm (xetex) on input line 98.

) (c:/Users/eule/AppData/Roaming/TinyTeX/texmf-dist/tex/latex/tabu/tabu.sty
Package: tabu 2019/01/11 v2.9 - flexible LaTeX tabulars (FC+tabu-fixed)

(c:/Users/eule/AppData/Roaming/TinyTeX/texmf-dist/tex/latex/varwidth/varwidth.s
ty
Package: varwidth 2009/03/30 ver 0.92;  Variable-width minipages
\@vwid@box=\box111
\sift@deathcycles=\count339
\@vwid@loff=\dimen267
\@vwid@roff=\dimen268
)
\c@taburow=\count340
\tabu@nbcols=\count341
\tabu@cnt=\count342
\tabu@Xcol=\count343
\tabu@alloc=\count344
\tabu@nested=\count345
\tabu@target=\dimen269
\tabu@spreadtarget=\dimen270
\tabu@naturalX=\dimen271
\tabucolX=\dimen272
\tabu@Xsum=\dimen273
\extrarowdepth=\dimen274
\abovetabulinesep=\dimen275
\belowtabulinesep=\dimen276
\tabustrutrule=\dimen277
\tabu@thebody=\toks31
\tabu@footnotes=\toks32
\tabu@box=\box112
\tabu@arstrutbox=\box113
\tabu@hleads=\box114
\tabu@vleads=\box115
\tabu@cellskip=\skip110
)
(c:/Users/eule/AppData/Roaming/TinyTeX/texmf-dist/tex/latex/threeparttable/thre
eparttable.sty
Package: threeparttable 2003/06/13  v 3.0
\@tempboxb=\box116
)
(c:/Users/eule/AppData/Roaming/TinyTeX/texmf-dist/tex/latex/threeparttablex/thr
eeparttablex.sty
Package: threeparttablex 2013/07/23 v0.3 by daleif
\TPTL@width=\skip111
) (c:/Users/eule/AppData/Roaming/TinyTeX/texmf-dist/tex/generic/ulem/ulem.sty
\UL@box=\box117
\UL@hyphenbox=\box118
\UL@skip=\skip112
\UL@hook=\toks33
\UL@height=\dimen278
\UL@pe=\count346
\UL@pixel=\dimen279
\ULC@box=\box119
Package: ulem 2019/11/18
\ULdepth=\dimen280
)
(c:/Users/eule/AppData/Roaming/TinyTeX/texmf-dist/tex/latex/makecell/makecell.s
ty
Package: makecell 2009/08/03 V0.1e Managing of Tab Column Heads and Cells
\rotheadsize=\dimen281
\c@nlinenum=\count347
\TeXr@lab=\toks34
)
(c:/Users/eule/AppData/Roaming/TinyTeX/texmf-dist/tex/latex/siunitx/siunitx.sty
Package: siunitx 2020/02/25 v2.8b A comprehensive (SI) units package
\l__siunitx_tmp_box=\box120
\l__siunitx_tmp_dim=\dimen282
\l__siunitx_tmp_int=\count348
\l__siunitx_number_mantissa_length_int=\count349
\l__siunitx_number_uncert_length_int=\count350
\l__siunitx_round_int=\count351
\l__siunitx_process_decimal_int=\count352
\l__siunitx_process_uncertainty_int=\count353
\l__siunitx_process_fixed_int=\count354
\l__siunitx_process_integer_min_int=\count355
\l__siunitx_process_precision_int=\count356
\l__siunitx_group_min_int=\count357
\l__siunitx_angle_marker_box=\box121
\l__siunitx_angle_unit_box=\box122
\l__siunitx_angle_marker_dim=\dimen283
\l__siunitx_angle_unit_dim=\dimen284
\l__siunitx_unit_int=\count358
\l__siunitx_unit_denominator_int=\count359
\l__siunitx_unit_numerator_int=\count360
\l__siunitx_unit_prefix_int=\count361
\l__siunitx_unit_prefix_base_int=\count362
\l__siunitx_unit_prefix_gram_int=\count363
\l__siunitx_number_product_int=\count364
\c__siunitx_one_fill_skip=\skip113
\l__siunitx_table_unit_align_skip=\skip114
\l__siunitx_table_exponent_dim=\dimen285
\l__siunitx_table_integer_dim=\dimen286
\l__siunitx_table_mantissa_dim=\dimen287
\l__siunitx_table_marker_dim=\dimen288
\l__siunitx_table_result_dim=\dimen289
\l__siunitx_table_uncert_dim=\dimen290
\l__siunitx_table_fill_pre_dim=\dimen291
\l__siunitx_table_fill_post_dim=\dimen292
\l__siunitx_table_fill_mid_dim=\dimen293
\l__siunitx_table_pre_box=\box123
\l__siunitx_table_post_box=\box124
\l__siunitx_table_mantissa_box=\box125
\l__siunitx_table_result_box=\box126
\l__siunitx_table_number_align_skip=\skip115
\l__siunitx_table_text_align_skip=\skip116
) (c:/Users/eule/AppData/Roaming/TinyTeX/texmf-dist/tex/latex/tools/hhline.sty
Package: hhline 2020/01/04 v2.04 Table rule package (DPC)
) (c:/Users/eule/AppData/Roaming/TinyTeX/texmf-dist/tex/latex/tools/tabularx.st
y
Package: tabularx 2020/01/15 v2.11c `tabularx' package (DPC)
\TX@col@width=\dimen294
\TX@old@table=\dimen295
\TX@old@col=\dimen296
\TX@target=\dimen297
\TX@delta=\dimen298
\TX@cols=\count365
\TX@ftn=\toks35
)
(c:/Users/eule/AppData/Roaming/TinyTeX/texmf-dist/tex/latex/adjustbox/adjustbox
.sty
Package: adjustbox 2020/08/19 v1.3 Adjusting TeX boxes (trim, clip, ...)

(c:/Users/eule/AppData/Roaming/TinyTeX/texmf-dist/tex/latex/xkeyval/xkeyval.sty
Package: xkeyval 2020/11/20 v2.8 package option processing (HA)

(c:/Users/eule/AppData/Roaming/TinyTeX/texmf-dist/tex/generic/xkeyval/xkeyval.t
ex
(c:/Users/eule/AppData/Roaming/TinyTeX/texmf-dist/tex/generic/xkeyval/xkvutils.
tex
\XKV@toks=\toks36
\XKV@tempa@toks=\toks37
)
\XKV@depth=\count366
File: xkeyval.tex 2014/12/03 v2.7a key=value parser (HA)
))
(c:/Users/eule/AppData/Roaming/TinyTeX/texmf-dist/tex/latex/adjustbox/adjcalc.s
ty
Package: adjcalc 2012/05/16 v1.1 Provides advanced setlength with multiple back
-ends (calc, etex, pgfmath)
)
(c:/Users/eule/AppData/Roaming/TinyTeX/texmf-dist/tex/latex/adjustbox/trimclip.
sty
Package: trimclip 2020/08/19 v1.2 Trim and clip general TeX material

(c:/Users/eule/AppData/Roaming/TinyTeX/texmf-dist/tex/latex/collectbox/collectb
ox.sty
Package: collectbox 2012/05/17 v0.4b Collect macro arguments as boxes
\collectedbox=\box127
)
\tc@llx=\dimen299
\tc@lly=\dimen300
\tc@urx=\dimen301
\tc@ury=\dimen302
Package trimclip Info: Using driver 'tc-xetex.def'.

(c:/Users/eule/AppData/Roaming/TinyTeX/texmf-dist/tex/latex/adjustbox/tc-xetex.
def
File: tc-xetex.def 2019/01/04 v2.2 Clipping driver for xetex
))
\adjbox@Width=\dimen303
\adjbox@Height=\dimen304
\adjbox@Depth=\dimen305
\adjbox@Totalheight=\dimen306
\adjbox@pwidth=\dimen307
\adjbox@pheight=\dimen308
\adjbox@pdepth=\dimen309
\adjbox@ptotalheight=\dimen310
)
(c:/Users/eule/AppData/Roaming/TinyTeX/texmf-dist/tex/latex/etoolbox/etoolbox.s
ty
Package: etoolbox 2020/10/05 v2.5k e-TeX tools for LaTeX (JAW)
\etb@tempcnta=\count367
) (./2021-03-02_Beispiel.aux

LaTeX Warning: Label `tab:kabledata' multiply defined.

)
\openout1 = `2021-03-02_Beispiel.aux'.

LaTeX Font Info:    Checking defaults for OML/cmm/m/it on input line 179.
LaTeX Font Info:    ... okay on input line 179.
LaTeX Font Info:    Checking defaults for OMS/cmsy/m/n on input line 179.
LaTeX Font Info:    ... okay on input line 179.
LaTeX Font Info:    Checking defaults for OT1/cmr/m/n on input line 179.
LaTeX Font Info:    ... okay on input line 179.
LaTeX Font Info:    Checking defaults for T1/cmr/m/n on input line 179.
LaTeX Font Info:    ... okay on input line 179.
LaTeX Font Info:    Checking defaults for TS1/cmr/m/n on input line 179.
LaTeX Font Info:    ... okay on input line 179.
LaTeX Font Info:    Checking defaults for TU/lmr/m/n on input line 179.
LaTeX Font Info:    ... okay on input line 179.
LaTeX Font Info:    Checking defaults for OMX/cmex/m/n on input line 179.
LaTeX Font Info:    ... okay on input line 179.
LaTeX Font Info:    Checking defaults for U/cmr/m/n on input line 179.
LaTeX Font Info:    ... okay on input line 179.
LaTeX Font Info:    Checking defaults for PD1/pdf/m/n on input line 179.
LaTeX Font Info:    ... okay on input line 179.
LaTeX Font Info:    Checking defaults for PU/pdf/m/n on input line 179.
LaTeX Font Info:    ... okay on input line 179.
LaTeX Font Info:    Overwriting math alphabet `\mathsf' in version `normal'
(Font)                  OT1/lmss/m/n --> TU/lmss/m/n on input line 179.
LaTeX Font Info:    Overwriting math alphabet `\mathsf' in version `bold'
(Font)                  OT1/lmss/bx/n --> TU/lmss/b/n on input line 179.
LaTeX Font Info:    Overwriting math alphabet `\mathtt' in version `normal'
(Font)                  OT1/lmtt/m/n --> TU/lmtt/m/n on input line 179.
LaTeX Font Info:    Overwriting math alphabet `\mathtt' in version `bold'
(Font)                  OT1/lmtt/m/n --> TU/lmtt/b/n on input line 179.

Package fontspec Info: latinmodern-math scale = 1.265449035442061.


Package fontspec Info: latinmodern-math scale = 1.265449035442061.


Package fontspec Info: latinmodern-math scale = 1.265449035442061.


Package fontspec Info: Font family 'latinmodern-math.otf(0)' created for font
(fontspec)             'latinmodern-math.otf' with options
(fontspec)             [Scale=MatchLowercase,BoldItalicFont={},ItalicFont={},Sm
allCapsFont={},Script=Math,BoldFont={latinmodern-math.otf}].
(fontspec)              
(fontspec)              This font family consists of the following NFSS
(fontspec)             series/shapes:
(fontspec)              
(fontspec)             - 'normal' (m/n) with NFSS spec.:
(fontspec)             <->s*[1.265449035442061]"[latinmodern-math.otf]/OT:scrip
t=math;language=dflt;"
(fontspec)             - 'small caps'  (m/sc) with NFSS spec.: 
(fontspec)             - 'bold' (b/n) with NFSS spec.:
(fontspec)             <->s*[1.265449035442061]"[latinmodern-math.otf]/OT:scrip
t=math;language=dflt;"
(fontspec)             - 'bold small caps'  (b/sc) with NFSS spec.: 

LaTeX Font Info:    Font shape `TU/latinmodern-math.otf(0)/m/n' will be
(Font)              scaled to size 12.65442pt on input line 179.

Package fontspec Info: latinmodern-math scale = 1.265449035442061.


Package fontspec Info: latinmodern-math scale = 1.265449035442061.


Package fontspec Info: latinmodern-math scale = 1.265449035442061.


Package fontspec Info: latinmodern-math scale = 1.265449035442061.


Package fontspec Info: latinmodern-math scale = 1.265449035442061.


Package fontspec Info: Font family 'latinmodern-math.otf(1)' created for font
(fontspec)             'latinmodern-math.otf' with options
(fontspec)             [Scale=MatchLowercase,BoldItalicFont={},ItalicFont={},Sm
allCapsFont={},Script=Math,SizeFeatures={{Size=8.5-},{Size=6-8.5,Font=latinmode
rn-math.otf,Style=MathScript},{Size=-6,Font=latinmodern-math.otf,Style=MathScri
ptScript}},BoldFont={latinmodern-math.otf}].
(fontspec)              
(fontspec)              This font family consists of the following NFSS
(fontspec)             series/shapes:
(fontspec)              
(fontspec)             - 'normal' (m/n) with NFSS spec.:
(fontspec)             <8.5->s*[1.265449035442061]"[latinmodern-math.otf]/OT:sc
ript=math;language=dflt;"<6-8.5>s*[1.265449035442061]"[latinmodern-math.otf]/OT
:script=math;language=dflt;+ssty=0;"<-6>s*[1.265449035442061]"[latinmodern-math
.otf]/OT:script=math;language=dflt;+ssty=1;"
(fontspec)             - 'small caps'  (m/sc) with NFSS spec.: 
(fontspec)             - 'bold' (b/n) with NFSS spec.:
(fontspec)             <->s*[1.265449035442061]"[latinmodern-math.otf]/OT:scrip
t=math;language=dflt;"
(fontspec)             - 'bold small caps'  (b/sc) with NFSS spec.: 

LaTeX Font Info:    Font shape `TU/latinmodern-math.otf(1)/m/n' will be
(Font)              scaled to size 12.65442pt on input line 179.
LaTeX Font Info:    Encoding `OT1' has changed to `TU' for symbol font
(Font)              `operators' in the math version `normal' on input line 179.

LaTeX Font Info:    Overwriting symbol font `operators' in version `normal'
(Font)                  OT1/lmr/m/n --> TU/latinmodern-math.otf(1)/m/n on input
 line 179.
LaTeX Font Info:    Encoding `OT1' has changed to `TU' for symbol font
(Font)              `operators' in the math version `bold' on input line 179.
LaTeX Font Info:    Overwriting symbol font `operators' in version `bold'
(Font)                  OT1/lmr/bx/n --> TU/latinmodern-math.otf(1)/b/n on inpu
t line 179.

Package fontspec Info: latinmodern-math scale = 1.265449035442061.


Package fontspec Info: latinmodern-math scale = 1.265575580345605.


Package fontspec Info: latinmodern-math scale = 1.265449035442061.


Package fontspec Info: latinmodern-math scale = 1.265575580345605.


Package fontspec Info: latinmodern-math scale = 1.265449035442061.


Package fontspec Info: latinmodern-math scale = 1.265575580345605.


Package fontspec Info: latinmodern-math scale = 1.265449035442061.


Package fontspec Info: latinmodern-math scale = 1.265575580345605.


Package fontspec Info: latinmodern-math scale = 1.265449035442061.


Package fontspec Info: latinmodern-math scale = 1.265575580345605.


Package fontspec Info: Font family 'latinmodern-math.otf(2)' created for font
(fontspec)             'latinmodern-math.otf' with options
(fontspec)             [Scale=MatchLowercase,BoldItalicFont={},ItalicFont={},Sm
allCapsFont={},Script=Math,SizeFeatures={{Size=8.5-},{Size=6-8.5,Font=latinmode
rn-math.otf,Style=MathScript},{Size=-6,Font=latinmodern-math.otf,Style=MathScri
ptScript}},BoldFont={latinmodern-math.otf},ScaleAgain=1.0001,FontAdjustment={\f
ontdimen
(fontspec)             8\font =8.56705pt\relax \fontdimen 9\font
(fontspec)             =4.98584pt\relax \fontdimen 10\font =5.61856pt\relax
(fontspec)             \fontdimen 11\font =8.68094pt\relax \fontdimen 12\font
(fontspec)             =4.36577pt\relax \fontdimen 13\font =4.59355pt\relax
(fontspec)             \fontdimen 14\font =4.59355pt\relax \fontdimen 15\font
(fontspec)             =3.65712pt\relax \fontdimen 16\font =3.12564pt\relax
(fontspec)             \fontdimen 17\font =3.12564pt\relax \fontdimen 18\font
(fontspec)             =3.1636pt\relax \fontdimen 19\font =2.53088pt\relax
(fontspec)             \fontdimen 22\font =3.1636pt\relax \fontdimen 20\font
(fontspec)             =0pt\relax \fontdimen 21\font =0pt\relax }].
(fontspec)              
(fontspec)              This font family consists of the following NFSS
(fontspec)             series/shapes:
(fontspec)              
(fontspec)             - 'normal' (m/n) with NFSS spec.:
(fontspec)             <8.5->s*[1.265575580345605]"[latinmodern-math.otf]/OT:sc
ript=math;language=dflt;"<6-8.5>s*[1.265575580345605]"[latinmodern-math.otf]/OT
:script=math;language=dflt;+ssty=0;"<-6>s*[1.265575580345605]"[latinmodern-math
.otf]/OT:script=math;language=dflt;+ssty=1;"
(fontspec)             - 'small caps'  (m/sc) with NFSS spec.: 
(fontspec)             and font adjustment code:
(fontspec)             \fontdimen 8\font =8.56705pt\relax \fontdimen 9\font
(fontspec)             =4.98584pt\relax \fontdimen 10\font =5.61856pt\relax
(fontspec)             \fontdimen 11\font =8.68094pt\relax \fontdimen 12\font
(fontspec)             =4.36577pt\relax \fontdimen 13\font =4.59355pt\relax
(fontspec)             \fontdimen 14\font =4.59355pt\relax \fontdimen 15\font
(fontspec)             =3.65712pt\relax \fontdimen 16\font =3.12564pt\relax
(fontspec)             \fontdimen 17\font =3.12564pt\relax \fontdimen 18\font
(fontspec)             =3.1636pt\relax \fontdimen 19\font =2.53088pt\relax
(fontspec)             \fontdimen 22\font =3.1636pt\relax \fontdimen 20\font
(fontspec)             =0pt\relax \fontdimen 21\font =0pt\relax 
(fontspec)             - 'bold' (b/n) with NFSS spec.:
(fontspec)             <->s*[1.265575580345605]"[latinmodern-math.otf]/OT:scrip
t=math;language=dflt;"
(fontspec)             - 'bold small caps'  (b/sc) with NFSS spec.: 
(fontspec)             and font adjustment code:
(fontspec)             \fontdimen 8\font =8.56705pt\relax \fontdimen 9\font
(fontspec)             =4.98584pt\relax \fontdimen 10\font =5.61856pt\relax
(fontspec)             \fontdimen 11\font =8.68094pt\relax \fontdimen 12\font
(fontspec)             =4.36577pt\relax \fontdimen 13\font =4.59355pt\relax
(fontspec)             \fontdimen 14\font =4.59355pt\relax \fontdimen 15\font
(fontspec)             =3.65712pt\relax \fontdimen 16\font =3.12564pt\relax
(fontspec)             \fontdimen 17\font =3.12564pt\relax \fontdimen 18\font
(fontspec)             =3.1636pt\relax \fontdimen 19\font =2.53088pt\relax
(fontspec)             \fontdimen 22\font =3.1636pt\relax \fontdimen 20\font
(fontspec)             =0pt\relax \fontdimen 21\font =0pt\relax 

LaTeX Font Info:    Encoding `OMS' has changed to `TU' for symbol font
(Font)              `symbols' in the math version `normal' on input line 179.
LaTeX Font Info:    Overwriting symbol font `symbols' in version `normal'
(Font)                  OMS/lmsy/m/n --> TU/latinmodern-math.otf(2)/m/n on inpu
t line 179.
LaTeX Font Info:    Encoding `OMS' has changed to `TU' for symbol font
(Font)              `symbols' in the math version `bold' on input line 179.
LaTeX Font Info:    Overwriting symbol font `symbols' in version `bold'
(Font)                  OMS/lmsy/b/n --> TU/latinmodern-math.otf(2)/b/n on inpu
t line 179.

Package fontspec Info: latinmodern-math scale = 1.265449035442061.


Package fontspec Info: latinmodern-math scale = 1.265322490538517.


Package fontspec Info: latinmodern-math scale = 1.265449035442061.


Package fontspec Info: latinmodern-math scale = 1.265322490538517.


Package fontspec Info: latinmodern-math scale = 1.265449035442061.


Package fontspec Info: latinmodern-math scale = 1.265322490538517.


Package fontspec Info: latinmodern-math scale = 1.265449035442061.


Package fontspec Info: latinmodern-math scale = 1.265322490538517.


Package fontspec Info: latinmodern-math scale = 1.265449035442061.


Package fontspec Info: latinmodern-math scale = 1.265322490538517.


Package fontspec Info: Font family 'latinmodern-math.otf(3)' created for font
(fontspec)             'latinmodern-math.otf' with options
(fontspec)             [Scale=MatchLowercase,BoldItalicFont={},ItalicFont={},Sm
allCapsFont={},Script=Math,SizeFeatures={{Size=8.5-},{Size=6-8.5,Font=latinmode
rn-math.otf,Style=MathScript},{Size=-6,Font=latinmodern-math.otf,Style=MathScri
ptScript}},BoldFont={latinmodern-math.otf},ScaleAgain=0.9999,FontAdjustment={\f
ontdimen
(fontspec)             8\font =0.50618pt\relax \fontdimen 9\font
(fontspec)             =2.53088pt\relax \fontdimen 10\font =2.11328pt\relax
(fontspec)             \fontdimen 11\font =1.40465pt\relax \fontdimen 12\font
(fontspec)             =7.59265pt\relax \fontdimen 13\font =0pt\relax }].
(fontspec)              
(fontspec)              This font family consists of the following NFSS
(fontspec)             series/shapes:
(fontspec)              
(fontspec)             - 'normal' (m/n) with NFSS spec.:
(fontspec)             <8.5->s*[1.265322490538517]"[latinmodern-math.otf]/OT:sc
ript=math;language=dflt;"<6-8.5>s*[1.265322490538517]"[latinmodern-math.otf]/OT
:script=math;language=dflt;+ssty=0;"<-6>s*[1.265322490538517]"[latinmodern-math
.otf]/OT:script=math;language=dflt;+ssty=1;"
(fontspec)             - 'small caps'  (m/sc) with NFSS spec.: 
(fontspec)             and font adjustment code:
(fontspec)             \fontdimen 8\font =0.50618pt\relax \fontdimen 9\font
(fontspec)             =2.53088pt\relax \fontdimen 10\font =2.11328pt\relax
(fontspec)             \fontdimen 11\font =1.40465pt\relax \fontdimen 12\font
(fontspec)             =7.59265pt\relax \fontdimen 13\font =0pt\relax 
(fontspec)             - 'bold' (b/n) with NFSS spec.:
(fontspec)             <->s*[1.265322490538517]"[latinmodern-math.otf]/OT:scrip
t=math;language=dflt;"
(fontspec)             - 'bold small caps'  (b/sc) with NFSS spec.: 
(fontspec)             and font adjustment code:
(fontspec)             \fontdimen 8\font =0.50618pt\relax \fontdimen 9\font
(fontspec)             =2.53088pt\relax \fontdimen 10\font =2.11328pt\relax
(fontspec)             \fontdimen 11\font =1.40465pt\relax \fontdimen 12\font
(fontspec)             =7.59265pt\relax \fontdimen 13\font =0pt\relax 

LaTeX Font Info:    Encoding `OMX' has changed to `TU' for symbol font
(Font)              `largesymbols' in the math version `normal' on input line 1
79.
LaTeX Font Info:    Overwriting symbol font `largesymbols' in version `normal'
(Font)                  OMX/lmex/m/n --> TU/latinmodern-math.otf(3)/m/n on inpu
t line 179.
LaTeX Font Info:    Encoding `OMX' has changed to `TU' for symbol font
(Font)              `largesymbols' in the math version `bold' on input line 179
.
LaTeX Font Info:    Overwriting symbol font `largesymbols' in version `bold'
(Font)                  OMX/lmex/m/n --> TU/latinmodern-math.otf(3)/b/n on inpu
t line 179.
LaTeX Info: Redefining \microtypecontext on input line 179.
Package microtype Info: Character protrusion enabled (level 2).
Package microtype Info: Using protrusion set `basicmath'.
Package microtype Info: No adjustment of tracking.
Package microtype Info: No adjustment of spacing.
Package microtype Info: No adjustment of kerning.
Package microtype Info: Loading generic protrusion settings for font family
(microtype)             `Verdana' (encoding: TU).
(microtype)             For optimal results, create family-specific settings.
(microtype)             See the microtype manual for details.
Package hyperref Info: Link coloring OFF on input line 179.

(c:/Users/eule/AppData/Roaming/TinyTeX/texmf-dist/tex/latex/hyperref/nameref.st
y
Package: nameref 2021-04-02 v2.47 Cross-referencing by name of section

(c:/Users/eule/AppData/Roaming/TinyTeX/texmf-dist/tex/latex/refcount/refcount.s
ty
Package: refcount 2019/12/15 v3.6 Data extraction from label references (HO)
)
(c:/Users/eule/AppData/Roaming/TinyTeX/texmf-dist/tex/generic/gettitlestring/ge
ttitlestring.sty
Package: gettitlestring 2019/12/15 v1.6 Cleanup title references (HO)
)
\c@section@level=\count368
)
LaTeX Info: Redefining \ref on input line 179.
LaTeX Info: Redefining \pageref on input line 179.
LaTeX Info: Redefining \nameref on input line 179.
(./2021-03-02_Beispiel.out) (./2021-03-02_Beispiel.out)
\@outlinefile=\write4
\openout4 = `2021-03-02_Beispiel.out'.

*geometry* driver: auto-detecting
*geometry* detected driver: xetex
*geometry* verbose mode - [ preamble ] result:
* driver: xetex
* paper: a4paper
* layout: <same size as paper>
* layoutoffset:(h,v)=(0.0pt,0.0pt)
* modes: twoside 
* h-part:(L,W,R)=(72.26999pt, 452.9679pt, 72.26999pt)
* v-part:(T,H,B)=(72.26999pt, 700.50687pt, 72.26999pt)
* \paperwidth=597.50787pt
* \paperheight=845.04684pt
* \textwidth=452.9679pt
* \textheight=700.50687pt
* \oddsidemargin=0.0pt
* \evensidemargin=0.0pt
* \topmargin=-37.0pt
* \headheight=12.74066pt
* \headsep=25.0pt
* \topskip=10.0pt
* \footskip=30.0pt
* \marginparwidth=111.0pt
* \marginparsep=11.0pt
* \columnsep=18.0pt
* \skip\footins=9.0pt plus 4.0pt minus 2.0pt
* \hoffset=0.0pt
* \voffset=0.0pt
* \mag=1000
* \@twocolumnfalse
* \@twosidetrue
* \@mparswitchtrue
* \@reversemarginfalse
* (1in=72.27pt=25.4mm, 1cm=28.453pt)

ABD: EverySelectfont initializing macros
LaTeX Info: Redefining \selectfont on input line 179.
Package caption Info: Begin \AtBeginDocument code.
Package caption Info: float package is loaded.
Package caption Info: floatrow package is loaded.
Package caption Info: longtable package is loaded.

(c:/Users/eule/AppData/Roaming/TinyTeX/texmf-dist/tex/latex/caption/ltcaption.s
ty
Package: ltcaption 2020/05/30 v1.4b longtable captions (AR)
)
Package caption Info: Fixing longtable code of `floatrow' package.
Package caption Info: threeparttable package is loaded.
Package caption Info: wrapfig package is loaded.
Package caption Info: End \AtBeginDocument code.

(c:/Users/eule/AppData/Roaming/TinyTeX/texmf-dist/tex/latex/floatrow/fr-longtab
le.sty
Package: fr-longtable 2007/11/28 v0.1b (beta) floatrow: additions for longtable

\flrow@LT@lasthead=\box128
\flrow@LT@prelastfoot=\box129
\c@FBLTpage=\count369
)
(c:/Users/eule/AppData/Roaming/TinyTeX/texmf-dist/tex/latex/siunitx/siunitx-abb
reviations.cfg
File: siunitx-abbreviations.cfg 2017/11/26 v2.7k siunitx: Abbreviated units
)
LaTeX Font Info:    Font shape `TU/latinmodern-math.otf(1)/m/n' will be
(Font)              scaled to size 8.8581pt on input line 179.
LaTeX Font Info:    Font shape `TU/latinmodern-math.otf(1)/m/n' will be
(Font)              scaled to size 6.32721pt on input line 179.
LaTeX Font Info:    Trying to load font information for OML+lmm on input line 1
79.
(c:/Users/eule/AppData/Roaming/TinyTeX/texmf-dist/tex/latex/lm/omllmm.fd
File: omllmm.fd 2009/10/30 v1.6 Font defs for Latin Modern
)
LaTeX Font Info:    Font shape `TU/latinmodern-math.otf(2)/m/n' will be
(Font)              scaled to size 12.65579pt on input line 179.
LaTeX Font Info:    Font shape `TU/latinmodern-math.otf(2)/m/n' will be
(Font)              scaled to size 8.85905pt on input line 179.
LaTeX Font Info:    Font shape `TU/latinmodern-math.otf(2)/m/n' will be
(Font)              scaled to size 6.3279pt on input line 179.
LaTeX Font Info:    Font shape `TU/latinmodern-math.otf(3)/m/n' will be
(Font)              scaled to size 12.6532pt on input line 179.
LaTeX Font Info:    Font shape `TU/latinmodern-math.otf(3)/m/n' will be
(Font)              scaled to size 8.85724pt on input line 179.
LaTeX Font Info:    Font shape `TU/latinmodern-math.otf(3)/m/n' will be
(Font)              scaled to size 6.3266pt on input line 179.
LaTeX Font Info:    Trying to load font information for U+msa on input line 179
.
(c:/Users/eule/AppData/Roaming/TinyTeX/texmf-dist/tex/latex/amsfonts/umsa.fd
File: umsa.fd 2013/01/14 v3.01 AMS symbols A
)
(c:/Users/eule/AppData/Roaming/TinyTeX/texmf-dist/tex/latex/microtype/mt-msa.cf
g
File: mt-msa.cfg 2006/02/04 v1.1 microtype config. file: AMS symbols (a) (RS)
)
LaTeX Font Info:    Trying to load font information for U+msb on input line 179
.
(c:/Users/eule/AppData/Roaming/TinyTeX/texmf-dist/tex/latex/amsfonts/umsb.fd
File: umsb.fd 2013/01/14 v3.01 AMS symbols B
)
(c:/Users/eule/AppData/Roaming/TinyTeX/texmf-dist/tex/latex/microtype/mt-msb.cf
g
File: mt-msb.cfg 2005/06/01 v1.0 microtype config. file: AMS symbols (b) (RS)
)
Package microtype Info: Loading generic protrusion settings for font family
(microtype)             `lmss' (encoding: TU).
(microtype)             For optimal results, create family-specific settings.
(microtype)             See the microtype manual for details.
LaTeX Font Info:    Font shape `TU/Verdana(0)/m/n' will be
(Font)              scaled to size 14.4pt on input line 188.
LaTeX Font Info:    Font shape `TU/Verdana(0)/b/n' will be
(Font)              scaled to size 14.4pt on input line 188.
(./2021-03-02_Beispiel.toc
LaTeX Font Info:    Font shape `TU/Verdana(0)/b/n' will be
(Font)              scaled to size 10.0pt on input line 1.
)
\tf@toc=\write5
\openout5 = `2021-03-02_Beispiel.toc'.

(./2021-03-02_Beispiel.lof)
\tf@lof=\write6
\openout6 = `2021-03-02_Beispiel.lof'.

(./2021-03-02_Beispiel.lot)
\tf@lot=\write7
\openout7 = `2021-03-02_Beispiel.lot'.

LaTeX Font Info:    Font shape `TU/Verdana(0)/m/it' will be
(Font)              scaled to size 10.0pt on input line 195.
[1

]
LaTeX Font Info:    Font shape `TU/Verdana(0)/m/n' will be
(Font)              scaled to size 12.0pt on input line 203.
LaTeX Font Info:    Font shape `TU/Verdana(0)/b/n' will be
(Font)              scaled to size 12.0pt on input line 203.
[2]
Overfull \hbox (78.38512pt too wide) in paragraph at lines 235--255
[][]  [] 
 []

[3]
File: B8obV.jpg Graphic file (type bmp)
<B8obV.jpg>
[4] [5]
File: 2021-03-02_Beispiel_files/figure-latex/Plot map-1.pdf Graphic file (type 
pdf)
<use 2021-03-02_Beispiel_files/figure-latex/Plot map-1.pdf>
File: 2021-03-02_Beispiel_files/figure-latex/unnamed-chunk-1-1.pdf Graphic file
 (type pdf)
<use 2021-03-02_Beispiel_files/figure-latex/unnamed-chunk-1-1.pdf>
File: 2021-03-02_Beispiel_files/figure-latex/plot Pyramide 2-spaltig-1.pdf Grap
hic file (type pdf)
<use 2021-03-02_Beispiel_files/figure-latex/plot Pyramide 2-spaltig-1.pdf>
File: 2021-03-02_Beispiel_files/figure-latex/unnamed-chunk-2-1.pdf Graphic file
 (type pdf)
<use 2021-03-02_Beispiel_files/figure-latex/unnamed-chunk-2-1.pdf>
[6]
File: 2021-03-02_Beispiel_files/figure-latex/unnamed-chunk-3-1.pdf Graphic file
 (type pdf)
<use 2021-03-02_Beispiel_files/figure-latex/unnamed-chunk-3-1.pdf>
File: 2021-03-02_Beispiel_files/figure-latex/plot Pyramide 1 spaltig-1.pdf Grap
hic file (type pdf)
<use 2021-03-02_Beispiel_files/figure-latex/plot Pyramide 1 spaltig-1.pdf>
[7]
File: 2021-03-02_Beispiel_files/figure-latex/unnamed-chunk-4-1.pdf Graphic file
 (type pdf)
<use 2021-03-02_Beispiel_files/figure-latex/unnamed-chunk-4-1.pdf>
LaTeX Font Info:    Font shape `TU/Verdana(0)/m/n' will be
(Font)              scaled to size 9.0pt on input line 365.
LaTeX Font Info:    Font shape `TU/Verdana(0)/b/n' will be
(Font)              scaled to size 9.0pt on input line 365.
File: 2021-03-02_Beispiel_files/figure-latex/unnamed-chunk-5-1.pdf Graphic file
 (type pdf)
<use 2021-03-02_Beispiel_files/figure-latex/unnamed-chunk-5-1.pdf>
[8]
LaTeX Font Info:    Font shape `TU/latinmodern-math.otf(1)/m/n' will be
(Font)              scaled to size 11.38898pt on input line 452.
LaTeX Font Info:    Font shape `TU/latinmodern-math.otf(1)/m/n' will be
(Font)              scaled to size 7.59265pt on input line 452.
LaTeX Font Info:    Font shape `TU/latinmodern-math.otf(2)/m/n' will be
(Font)              scaled to size 11.39021pt on input line 452.
LaTeX Font Info:    Font shape `TU/latinmodern-math.otf(2)/m/n' will be
(Font)              scaled to size 7.59348pt on input line 452.
LaTeX Font Info:    Font shape `TU/latinmodern-math.otf(3)/m/n' will be
(Font)              scaled to size 11.38788pt on input line 452.
LaTeX Font Info:    Font shape `TU/latinmodern-math.otf(3)/m/n' will be
(Font)              scaled to size 7.59192pt on input line 452.
LaTeX Font Info:    Font shape `TU/Verdana(0)/m/n' will be
(Font)              scaled to size 6.0pt on input line 452.

Underfull \vbox (badness 10000) has occurred while \output is active []

[9] [10]
LaTeX Font Info:    Font shape `TU/lmtt/bx/n' in size <10> not available
(Font)              Font shape `TU/lmtt/b/n' tried instead on input line 537.

Overfull \vbox (0.31543pt too high) detected at line 570
 []

[11]
Overfull \hbox (33.38707pt too wide) in paragraph at lines 1094--1094
\TU/Verdana(0)/m/n/10 Migrationshintergrund[]  
 []


Overfull \hbox (33.38707pt too wide) in paragraph at lines 1094--1094
\TU/Verdana(0)/m/n/10 Migrationshintergrund[]  
 []


Overfull \hbox (27.6693pt too wide) in paragraph at lines 1094--1094
\TU/Verdana(0)/m/n/10 Staatsangehrigkeit)[]  
 []


Overfull \hbox (33.05992pt too wide) in paragraph at lines 1094--1094
[][]\TU/Verdana(0)/m/n/10 Einpersonenhaushalte[]  
 []


Overfull \hbox (4.80309pt too wide) in paragraph at lines 1094--1094
[][]\TU/Verdana(0)/m/n/10 Alleinerziehende 
 []


Overfull \hbox (42.64488pt too wide) in paragraph at lines 1094--1094
\TU/Verdana(0)/m/n/10 Mehrpersonenhaushalte[]  
 []


Overfull \hbox (330.1097pt too wide) in alignment at lines 1094--1094
[][][][][][][][][] 
 []


LaTeX Warning: Float too large for page by 166.89423pt on input line 1097.

[12] [13] (./2021-03-02_Beispiel.aux)

LaTeX Warning: There were multiply-defined labels.

Package rerunfilecheck Info: File `2021-03-02_Beispiel.out' has not changed.
(rerunfilecheck)             Checksum: E0F9AD13441C18B49D8D53B8610BBF93;1042.
 ) 
Here is how much of TeX's memory you used:
 24818 strings out of 478922
 467339 string characters out of 5865228
 1221150 words of memory out of 5000000
 44252 multiletter control sequences out of 15000+600000
 409195 words of font info for 96 fonts, out of 8000000 for 9000
 14 hyphenation exceptions out of 8191
 98i,20n,125p,417b,919s stack positions out of 5000i,500n,10000p,200000b,80000s

Output written on 2021-03-02_Beispiel.pdf (13 pages).
